<html xmlns:math="http://exslt.org/math" xmlns:testng="http://testng.org">
   <head>
      <title>TestNG Results</title>
      <meta http-equiv="content-type" content="text/html; charset=utf-8"></meta>
      <meta http-equiv="pragma" content="no-cache"></meta>
      <meta http-equiv="cache-control" content="max-age=0"></meta>
      <meta http-equiv="cache-control" content="no-cache"></meta>
      <meta http-equiv="cache-control" content="no-store"></meta>
      <LINK rel="stylesheet" href="style.css"></LINK>
      <script type="text/javascript" src="main.js"></script>
   </head>
   <body>
      <table width="100%" style="font-size: 16px; margin-bottom: 10px;" cellspacing="1">
         <tr>
            <td width="100%">
               Test case
               
               <b>Test</b>
            </td>
            <td style="background-color: #FFBBBB; padding: 3px 3px 3px 0;" align="center">
               <div style="width: 50px;">1</div>
            </td>
            <td style="background-color: lightgreen; padding: 3px 3px 3px 0;" align="center">
               <div style="width: 50px;">8</div>
            </td>
            <td style="background-color: #FFFFBB; padding: 3px 3px 3px 0;" align="center">
               <div style="width: 50px;">1</div>
            </td>
            <td align="center" style="background-color: #eaf0f7; padding: 3px 3px 3px 0;">
               <div style="width: 50px;">10</div>
            </td>
            <td align="center"
                style="font-weight: bold; background-color: #eaf0f7; padding: 3px 3px 3px 0;">
               <div style="width: 50px;">80%</div>
            </td>
            <td style="background-color: #eaf0f7; padding: 3px 3px 3px 0;" align="center"
                nowrap="true">63 ms
               
            </td>
         </tr>
      </table>
      <div style="width: 200px;">
         <label for="groupMethodsCheckBox" style="font-weight: bold; margin: 0;">
            <input id="groupMethodsCheckBox" type="checkbox" onclick="switchTestMethodsView(this)"></input>
            Group by class
            
         </label>
         <br></br>
         <label for="methodsFilter_ALL" style="font-weight: bold; margin: 0;">
            <input id="methodsFilter_ALL" type="checkbox"
                   onclick="testMethodsFilterChanged(this, 'ALL')"></input>
            All
            
         </label>
      </div>
      <label for="methodsFilter_FAIL" style="margin-left: 20px;">
         <input id="methodsFilter_FAIL" type="checkbox"
                onclick="testMethodsFilterChanged(this, 'FAIL')"
                checked=""></input>
         Failed
         
      </label>
      <label for="methodsFilter_PASS">
         <input id="methodsFilter_PASS" type="checkbox"
                onclick="testMethodsFilterChanged(this, 'PASS')"
                checked=""></input>
         Passed
         
      </label>
      <label for="methodsFilter_SKIP">
         <input id="methodsFilter_SKIP" type="checkbox"
                onclick="testMethodsFilterChanged(this, 'SKIP')"
                checked=""></input>
         Skipped
         
      </label>
      <label for="methodsFilter_CONF">
         <input id="methodsFilter_CONF" type="checkbox"
                onclick="testMethodsFilterChanged(this, 'CONF')"></input>
         Config
         
      </label>
      <br></br>
      <div id="testMethodsByStatus">
         <table class="testMethodsTable" cellpadding="0" cellspacing="0">
            <tr class="methodsTableHeader">
               <td width="100%">Name</td>
               <td nowrap="true">Started</td>
               <td nowrap="true">Duration</td>
               <td>Exception</td>
            </tr>
            <tr id="selenium.Testing2_createUser_byStatus_failed_FAIL1_row"
                class="testMethodStatusFAIL">
               <td width="100%" class="firstMethodCell">
                  <a onclick="toggleDetailsVisibility('selenium.Testing2_createUser_byStatus_failed_FAIL1_details')">createUser()</a>
               </td>
               <td nowrap="true">19:16:33</td>
               <td nowrap="true" align="right">4 ms
                  
               </td>
               <td nowrap="true">
                  <a onclick="toggleDetailsVisibility('selenium.Testing2_createUser_byStatus_failed_FAIL1_exception')">java.lang.AssertionError: 
                     The following asserts failed:
                     	expected [true] but found [false]
                     
                  </a>
                   
                  
               </td>
            </tr>
            <tr>
               <td colspan="4" class="detailsBox">
                  <div id="selenium.Testing2_createUser_byStatus_failed_FAIL1_details"
                       class="testMethodDetails">
                     <div>
                        <b>Name: </b>createUser
                     </div>
                     <div>
                        <b>Signature: </b>createUser()[pri:1, instance:selenium.Testing2@23ceabc1]
                     </div>
                     <div>
                        <b>Start time: </b>19:16:33
                     </div>
                     <div>
                        <b>End time: </b>19:16:33
                     </div>
                     <div>
                        <b>Duration: </b>4 ms
                        
                     </div>
                  </div>
               </td>
            </tr>
            <tr>
               <td colspan="4" class="detailsBox">
                  <div id="selenium.Testing2_createUser_byStatus_failed_FAIL1_exception"
                       class="testMethodDetails">
                     <pre style="padding: 5px; margin: 0;">java.lang.AssertionError: The following asserts failed:
                        	expected [true] but found [false]
                        	at org.testng.asserts.SoftAssert.assertAll(SoftAssert.java:43)
                        	at selenium.Testing2.createUser(Testing2.java:24)
                        	at sun.reflect.NativeMethodAccessorImpl.invoke0(Native Method)
                        	at sun.reflect.NativeMethodAccessorImpl.invoke(NativeMethodAccessorImpl.java:62)
                        	at sun.reflect.DelegatingMethodAccessorImpl.invoke(DelegatingMethodAccessorImpl.java:43)
                        	at java.lang.reflect.Method.invoke(Method.java:498)
                        	at org.testng.internal.MethodInvocationHelper.invokeMethod(MethodInvocationHelper.java:108)
                        	at org.testng.internal.Invoker.invokeMethod(Invoker.java:661)
                        	at org.testng.internal.Invoker.invokeTestMethod(Invoker.java:869)
                        	at org.testng.internal.Invoker.invokeTestMethods(Invoker.java:1193)
                        	at org.testng.internal.TestMethodWorker.invokeTestMethods(TestMethodWorker.java:126)
                        	at org.testng.internal.TestMethodWorker.run(TestMethodWorker.java:109)
                        	at org.testng.TestRunner.privateRun(TestRunner.java:744)
                        	at org.testng.TestRunner.run(TestRunner.java:602)
                        	at org.testng.SuiteRunner.runTest(SuiteRunner.java:380)
                        	at org.testng.SuiteRunner.runSequentially(SuiteRunner.java:375)
                        	at org.testng.SuiteRunner.privateRun(SuiteRunner.java:340)
                        	at org.testng.SuiteRunner.run(SuiteRunner.java:289)
                        	at org.testng.SuiteRunnerWorker.runSuite(SuiteRunnerWorker.java:52)
                        	at org.testng.SuiteRunnerWorker.run(SuiteRunnerWorker.java:86)
                        	at org.testng.TestNG.runSuitesSequentially(TestNG.java:1301)
                        	at org.testng.TestNG.runSuitesLocally(TestNG.java:1226)
                        	at org.testng.TestNG.runSuites(TestNG.java:1144)
                        	at org.testng.TestNG.run(TestNG.java:1115)
                        	at org.testng.remote.AbstractRemoteTestNG.run(AbstractRemoteTestNG.java:132)
                        	at org.testng.remote.RemoteTestNG.initAndRun(RemoteTestNG.java:230)
                        	at org.testng.remote.RemoteTestNG.main(RemoteTestNG.java:76)
                     </pre>
                  </div>
               </td>
            </tr>
            <tr id="selenium.Testing2_deleteUser_byStatus_passed_PASS1_row"
                class="testMethodStatusPASS">
               <td width="100%" class="firstMethodCell">
                  <a onclick="toggleDetailsVisibility('selenium.Testing2_deleteUser_byStatus_passed_PASS1_details')">deleteUser()</a>
               </td>
               <td nowrap="true">19:16:33</td>
               <td nowrap="true" align="right">1 ms
                  
               </td>
               <td nowrap="true">
                   
                  
               </td>
            </tr>
            <tr>
               <td colspan="4" class="detailsBox">
                  <div id="selenium.Testing2_deleteUser_byStatus_passed_PASS1_details"
                       class="testMethodDetails">
                     <div>
                        <b>Name: </b>deleteUser
                     </div>
                     <div>
                        <b>Signature: </b>deleteUser()[pri:3, instance:selenium.Testing2@23ceabc1]
                     </div>
                     <div>
                        <b>Start time: </b>19:16:33
                     </div>
                     <div>
                        <b>End time: </b>19:16:33
                     </div>
                     <div>
                        <b>Duration: </b>1 ms
                        
                     </div>
                  </div>
               </td>
            </tr>
            <tr></tr>
            <tr id="selenium.Testing1_beforeSuite_byStatus_passed_PASS2_row"
                class="testMethodStatusPASS testMethodStatusCONF">
               <td width="100%" class="firstMethodCell">
                  <a onclick="toggleDetailsVisibility('selenium.Testing1_beforeSuite_byStatus_passed_PASS2_details')">beforeSuite()</a>
               </td>
               <td nowrap="true">19:16:33</td>
               <td nowrap="true" align="right">7 ms
                  
               </td>
               <td nowrap="true">
                   
                  
               </td>
            </tr>
            <tr>
               <td colspan="4" class="detailsBox">
                  <div id="selenium.Testing1_beforeSuite_byStatus_passed_PASS2_details"
                       class="testMethodDetails">
                     <div>
                        <b>Name: </b>beforeSuite
                     </div>
                     <div>
                        <b>Signature: </b>beforeSuite()[pri:0, instance:selenium.Testing1@5dfcfece]
                     </div>
                     <div>
                        <b>Start time: </b>19:16:33
                     </div>
                     <div>
                        <b>End time: </b>19:16:33
                     </div>
                     <div>
                        <b>Duration: </b>7 ms
                        
                     </div>
                  </div>
               </td>
            </tr>
            <tr></tr>
            <tr id="selenium.Testing1_beforeMethod_byStatus_passed_PASS3_row"
                class="testMethodStatusPASS testMethodStatusCONF">
               <td width="100%" class="firstMethodCell">
                  <a onclick="toggleDetailsVisibility('selenium.Testing1_beforeMethod_byStatus_passed_PASS3_details')">beforeMethod()</a>
               </td>
               <td nowrap="true">19:16:33</td>
               <td nowrap="true" align="right">0 ms
                  
               </td>
               <td nowrap="true">
                   
                  
               </td>
            </tr>
            <tr>
               <td colspan="4" class="detailsBox">
                  <div id="selenium.Testing1_beforeMethod_byStatus_passed_PASS3_details"
                       class="testMethodDetails">
                     <div>
                        <b>Name: </b>beforeMethod
                     </div>
                     <div>
                        <b>Signature: </b>beforeMethod()[pri:0, instance:selenium.Testing1@5dfcfece]
                     </div>
                     <div>
                        <b>Start time: </b>19:16:33
                     </div>
                     <div>
                        <b>End time: </b>19:16:33
                     </div>
                     <div>
                        <b>Duration: </b>0 ms
                        
                     </div>
                  </div>
               </td>
            </tr>
            <tr></tr>
            <tr id="selenium.Testing1_test1_byStatus_passed_PASS4_row"
                class="testMethodStatusPASS">
               <td width="100%" class="firstMethodCell">
                  <a onclick="toggleDetailsVisibility('selenium.Testing1_test1_byStatus_passed_PASS4_details')">test1()</a>
               </td>
               <td nowrap="true">19:16:33</td>
               <td nowrap="true" align="right">6 ms
                  
               </td>
               <td nowrap="true">
                   
                  
               </td>
            </tr>
            <tr>
               <td colspan="4" class="detailsBox">
                  <div id="selenium.Testing1_test1_byStatus_passed_PASS4_details"
                       class="testMethodDetails">
                     <div>
                        <b>Name: </b>test1
                     </div>
                     <div>
                        <b>Signature: </b>test1()[pri:0, instance:selenium.Testing1@5dfcfece]
                     </div>
                     <div>
                        <b>Start time: </b>19:16:33
                     </div>
                     <div>
                        <b>End time: </b>19:16:33
                     </div>
                     <div>
                        <b>Duration: </b>6 ms
                        
                     </div>
                  </div>
               </td>
            </tr>
            <tr></tr>
            <tr id="selenium.Testing1_afterMethod_byStatus_passed_PASS5_row"
                class="testMethodStatusPASS testMethodStatusCONF">
               <td width="100%" class="firstMethodCell">
                  <a onclick="toggleDetailsVisibility('selenium.Testing1_afterMethod_byStatus_passed_PASS5_details')">afterMethod()</a>
               </td>
               <td nowrap="true">19:16:33</td>
               <td nowrap="true" align="right">1 ms
                  
               </td>
               <td nowrap="true">
                   
                  
               </td>
            </tr>
            <tr>
               <td colspan="4" class="detailsBox">
                  <div id="selenium.Testing1_afterMethod_byStatus_passed_PASS5_details"
                       class="testMethodDetails">
                     <div>
                        <b>Name: </b>afterMethod
                     </div>
                     <div>
                        <b>Signature: </b>afterMethod()[pri:0, instance:selenium.Testing1@5dfcfece]
                     </div>
                     <div>
                        <b>Start time: </b>19:16:33
                     </div>
                     <div>
                        <b>End time: </b>19:16:33
                     </div>
                     <div>
                        <b>Duration: </b>1 ms
                        
                     </div>
                  </div>
               </td>
            </tr>
            <tr></tr>
            <tr id="selenium.Testing1_beforeMethod_byStatus_passed_PASS6_row"
                class="testMethodStatusPASS testMethodStatusCONF">
               <td width="100%" class="firstMethodCell">
                  <a onclick="toggleDetailsVisibility('selenium.Testing1_beforeMethod_byStatus_passed_PASS6_details')">beforeMethod()</a>
               </td>
               <td nowrap="true">19:16:33</td>
               <td nowrap="true" align="right">1 ms
                  
               </td>
               <td nowrap="true">
                   
                  
               </td>
            </tr>
            <tr>
               <td colspan="4" class="detailsBox">
                  <div id="selenium.Testing1_beforeMethod_byStatus_passed_PASS6_details"
                       class="testMethodDetails">
                     <div>
                        <b>Name: </b>beforeMethod
                     </div>
                     <div>
                        <b>Signature: </b>beforeMethod()[pri:0, instance:selenium.Testing1@5dfcfece]
                     </div>
                     <div>
                        <b>Start time: </b>19:16:33
                     </div>
                     <div>
                        <b>End time: </b>19:16:33
                     </div>
                     <div>
                        <b>Duration: </b>1 ms
                        
                     </div>
                  </div>
               </td>
            </tr>
            <tr></tr>
            <tr id="selenium.Testing1_test2_byStatus_passed_PASS7_row"
                class="testMethodStatusPASS">
               <td width="100%" class="firstMethodCell">
                  <a onclick="toggleDetailsVisibility('selenium.Testing1_test2_byStatus_passed_PASS7_details')">test2()</a>
               </td>
               <td nowrap="true">19:16:33</td>
               <td nowrap="true" align="right">1 ms
                  
               </td>
               <td nowrap="true">
                   
                  
               </td>
            </tr>
            <tr>
               <td colspan="4" class="detailsBox">
                  <div id="selenium.Testing1_test2_byStatus_passed_PASS7_details"
                       class="testMethodDetails">
                     <div>
                        <b>Name: </b>test2
                     </div>
                     <div>
                        <b>Signature: </b>test2()[pri:0, instance:selenium.Testing1@5dfcfece]
                     </div>
                     <div>
                        <b>Start time: </b>19:16:33
                     </div>
                     <div>
                        <b>End time: </b>19:16:33
                     </div>
                     <div>
                        <b>Duration: </b>1 ms
                        
                     </div>
                  </div>
               </td>
            </tr>
            <tr></tr>
            <tr id="selenium.Testing1_afterMethod_byStatus_passed_PASS8_row"
                class="testMethodStatusPASS testMethodStatusCONF">
               <td width="100%" class="firstMethodCell">
                  <a onclick="toggleDetailsVisibility('selenium.Testing1_afterMethod_byStatus_passed_PASS8_details')">afterMethod()</a>
               </td>
               <td nowrap="true">19:16:33</td>
               <td nowrap="true" align="right">0 ms
                  
               </td>
               <td nowrap="true">
                   
                  
               </td>
            </tr>
            <tr>
               <td colspan="4" class="detailsBox">
                  <div id="selenium.Testing1_afterMethod_byStatus_passed_PASS8_details"
                       class="testMethodDetails">
                     <div>
                        <b>Name: </b>afterMethod
                     </div>
                     <div>
                        <b>Signature: </b>afterMethod()[pri:0, instance:selenium.Testing1@5dfcfece]
                     </div>
                     <div>
                        <b>Start time: </b>19:16:33
                     </div>
                     <div>
                        <b>End time: </b>19:16:33
                     </div>
                     <div>
                        <b>Duration: </b>0 ms
                        
                     </div>
                  </div>
               </td>
            </tr>
            <tr></tr>
            <tr id="selenium.Testing1_beforeMethod_byStatus_passed_PASS9_row"
                class="testMethodStatusPASS testMethodStatusCONF">
               <td width="100%" class="firstMethodCell">
                  <a onclick="toggleDetailsVisibility('selenium.Testing1_beforeMethod_byStatus_passed_PASS9_details')">beforeMethod()</a>
               </td>
               <td nowrap="true">19:16:33</td>
               <td nowrap="true" align="right">0 ms
                  
               </td>
               <td nowrap="true">
                   
                  
               </td>
            </tr>
            <tr>
               <td colspan="4" class="detailsBox">
                  <div id="selenium.Testing1_beforeMethod_byStatus_passed_PASS9_details"
                       class="testMethodDetails">
                     <div>
                        <b>Name: </b>beforeMethod
                     </div>
                     <div>
                        <b>Signature: </b>beforeMethod()[pri:0, instance:selenium.Testing1@5dfcfece]
                     </div>
                     <div>
                        <b>Start time: </b>19:16:33
                     </div>
                     <div>
                        <b>End time: </b>19:16:33
                     </div>
                     <div>
                        <b>Duration: </b>0 ms
                        
                     </div>
                  </div>
               </td>
            </tr>
            <tr></tr>
            <tr id="selenium.Testing1_test3_byStatus_passed_PASS10_row"
                class="testMethodStatusPASS">
               <td width="100%" class="firstMethodCell">
                  <a onclick="toggleDetailsVisibility('selenium.Testing1_test3_byStatus_passed_PASS10_details')">test3()</a>
               </td>
               <td nowrap="true">19:16:33</td>
               <td nowrap="true" align="right">1 ms
                  
               </td>
               <td nowrap="true">
                   
                  
               </td>
            </tr>
            <tr>
               <td colspan="4" class="detailsBox">
                  <div id="selenium.Testing1_test3_byStatus_passed_PASS10_details"
                       class="testMethodDetails">
                     <div>
                        <b>Name: </b>test3
                     </div>
                     <div>
                        <b>Signature: </b>test3()[pri:0, instance:selenium.Testing1@5dfcfece]
                     </div>
                     <div>
                        <b>Start time: </b>19:16:33
                     </div>
                     <div>
                        <b>End time: </b>19:16:33
                     </div>
                     <div>
                        <b>Duration: </b>1 ms
                        
                     </div>
                  </div>
               </td>
            </tr>
            <tr></tr>
            <tr id="selenium.Testing1_afterMethod_byStatus_passed_PASS11_row"
                class="testMethodStatusPASS testMethodStatusCONF">
               <td width="100%" class="firstMethodCell">
                  <a onclick="toggleDetailsVisibility('selenium.Testing1_afterMethod_byStatus_passed_PASS11_details')">afterMethod()</a>
               </td>
               <td nowrap="true">19:16:33</td>
               <td nowrap="true" align="right">1 ms
                  
               </td>
               <td nowrap="true">
                   
                  
               </td>
            </tr>
            <tr>
               <td colspan="4" class="detailsBox">
                  <div id="selenium.Testing1_afterMethod_byStatus_passed_PASS11_details"
                       class="testMethodDetails">
                     <div>
                        <b>Name: </b>afterMethod
                     </div>
                     <div>
                        <b>Signature: </b>afterMethod()[pri:0, instance:selenium.Testing1@5dfcfece]
                     </div>
                     <div>
                        <b>Start time: </b>19:16:33
                     </div>
                     <div>
                        <b>End time: </b>19:16:33
                     </div>
                     <div>
                        <b>Duration: </b>1 ms
                        
                     </div>
                  </div>
               </td>
            </tr>
            <tr></tr>
            <tr id="selenium.Testing1_test4_byStatus_passed_PASS12_row"
                class="testMethodStatusPASS">
               <td width="100%" class="firstMethodCell">
                  <a onclick="toggleDetailsVisibility('selenium.Testing1_test4_byStatus_passed_PASS12_details')">test4()</a>
               </td>
               <td nowrap="true">19:16:33</td>
               <td nowrap="true" align="right">1 ms
                  
               </td>
               <td nowrap="true">
                   
                  
               </td>
            </tr>
            <tr>
               <td colspan="4" class="detailsBox">
                  <div id="selenium.Testing1_test4_byStatus_passed_PASS12_details"
                       class="testMethodDetails">
                     <div>
                        <b>Name: </b>test4
                     </div>
                     <div>
                        <b>Signature: </b>test4()[pri:0, instance:selenium.Testing1@5dfcfece]
                     </div>
                     <div>
                        <b>Start time: </b>19:16:33
                     </div>
                     <div>
                        <b>End time: </b>19:16:33
                     </div>
                     <div>
                        <b>Duration: </b>1 ms
                        
                     </div>
                  </div>
               </td>
            </tr>
            <tr></tr>
            <tr id="selenium.Testing1_beforeMethod_byStatus_passed_PASS13_row"
                class="testMethodStatusPASS testMethodStatusCONF">
               <td width="100%" class="firstMethodCell">
                  <a onclick="toggleDetailsVisibility('selenium.Testing1_beforeMethod_byStatus_passed_PASS13_details')">beforeMethod()</a>
               </td>
               <td nowrap="true">19:16:33</td>
               <td nowrap="true" align="right">0 ms
                  
               </td>
               <td nowrap="true">
                   
                  
               </td>
            </tr>
            <tr>
               <td colspan="4" class="detailsBox">
                  <div id="selenium.Testing1_beforeMethod_byStatus_passed_PASS13_details"
                       class="testMethodDetails">
                     <div>
                        <b>Name: </b>beforeMethod
                     </div>
                     <div>
                        <b>Signature: </b>beforeMethod()[pri:0, instance:selenium.Testing1@5dfcfece]
                     </div>
                     <div>
                        <b>Start time: </b>19:16:33
                     </div>
                     <div>
                        <b>End time: </b>19:16:33
                     </div>
                     <div>
                        <b>Duration: </b>0 ms
                        
                     </div>
                  </div>
               </td>
            </tr>
            <tr></tr>
            <tr id="selenium.Testing1_afterMethod_byStatus_passed_PASS14_row"
                class="testMethodStatusPASS testMethodStatusCONF">
               <td width="100%" class="firstMethodCell">
                  <a onclick="toggleDetailsVisibility('selenium.Testing1_afterMethod_byStatus_passed_PASS14_details')">afterMethod()</a>
               </td>
               <td nowrap="true">19:16:33</td>
               <td nowrap="true" align="right">0 ms
                  
               </td>
               <td nowrap="true">
                   
                  
               </td>
            </tr>
            <tr>
               <td colspan="4" class="detailsBox">
                  <div id="selenium.Testing1_afterMethod_byStatus_passed_PASS14_details"
                       class="testMethodDetails">
                     <div>
                        <b>Name: </b>afterMethod
                     </div>
                     <div>
                        <b>Signature: </b>afterMethod()[pri:0, instance:selenium.Testing1@5dfcfece]
                     </div>
                     <div>
                        <b>Start time: </b>19:16:33
                     </div>
                     <div>
                        <b>End time: </b>19:16:33
                     </div>
                     <div>
                        <b>Duration: </b>0 ms
                        
                     </div>
                  </div>
               </td>
            </tr>
            <tr></tr>
            <tr id="selenium.Testing1_afterSuite_byStatus_passed_PASS15_row"
                class="testMethodStatusPASS testMethodStatusCONF">
               <td width="100%" class="firstMethodCell">
                  <a onclick="toggleDetailsVisibility('selenium.Testing1_afterSuite_byStatus_passed_PASS15_details')">afterSuite()</a>
               </td>
               <td nowrap="true">19:16:33</td>
               <td nowrap="true" align="right">2 ms
                  
               </td>
               <td nowrap="true">
                   
                  
               </td>
            </tr>
            <tr>
               <td colspan="4" class="detailsBox">
                  <div id="selenium.Testing1_afterSuite_byStatus_passed_PASS15_details"
                       class="testMethodDetails">
                     <div>
                        <b>Name: </b>afterSuite
                     </div>
                     <div>
                        <b>Signature: </b>afterSuite()[pri:0, instance:selenium.Testing1@5dfcfece]
                     </div>
                     <div>
                        <b>Start time: </b>19:16:33
                     </div>
                     <div>
                        <b>End time: </b>19:16:33
                     </div>
                     <div>
                        <b>Duration: </b>2 ms
                        
                     </div>
                  </div>
               </td>
            </tr>
            <tr></tr>
            <tr id="selenium.ParameterizedTest_createUser_byStatus_passed_PASS16_row"
                class="testMethodStatusPASS">
               <td width="100%" class="firstMethodCell">
                  <a onclick="toggleDetailsVisibility('selenium.ParameterizedTest_createUser_byStatus_passed_PASS16_details')">createUser(u1
                     
                     ,
                     
                     p1)
                  </a>
               </td>
               <td nowrap="true">19:16:33</td>
               <td nowrap="true" align="right">2 ms
                  
               </td>
               <td nowrap="true">
                   
                  
               </td>
            </tr>
            <tr>
               <td colspan="4" class="detailsBox">
                  <div id="selenium.ParameterizedTest_createUser_byStatus_passed_PASS16_details"
                       class="testMethodDetails">
                     <div>
                        <b>Name: </b>createUser
                     </div>
                     <div>
                        <b>Signature: </b>createUser(java.lang.String, java.lang.String)[pri:0, instance:selenium.ParameterizedTest@56f4468b]
                     </div>
                     <div>
                        <b>Parameters: </b>
                        
                        u1
                        
                        ,
                        
                        p1
                        
                        
                     </div>
                     <div>
                        <b>Start time: </b>19:16:33
                     </div>
                     <div>
                        <b>End time: </b>19:16:33
                     </div>
                     <div>
                        <b>Duration: </b>2 ms
                        
                     </div>
                  </div>
               </td>
            </tr>
            <tr></tr>
            <tr id="selenium.ParameterizedTest_createUser_byStatus_passed_PASS17_row"
                class="testMethodStatusPASS">
               <td width="100%" class="firstMethodCell">
                  <a onclick="toggleDetailsVisibility('selenium.ParameterizedTest_createUser_byStatus_passed_PASS17_details')">createUser(u2
                     
                     ,
                     
                     p2)
                  </a>
               </td>
               <td nowrap="true">19:16:33</td>
               <td nowrap="true" align="right">1 ms
                  
               </td>
               <td nowrap="true">
                   
                  
               </td>
            </tr>
            <tr>
               <td colspan="4" class="detailsBox">
                  <div id="selenium.ParameterizedTest_createUser_byStatus_passed_PASS17_details"
                       class="testMethodDetails">
                     <div>
                        <b>Name: </b>createUser
                     </div>
                     <div>
                        <b>Signature: </b>createUser(java.lang.String, java.lang.String)[pri:0, instance:selenium.ParameterizedTest@56f4468b]
                     </div>
                     <div>
                        <b>Parameters: </b>
                        
                        u2
                        
                        ,
                        
                        p2
                        
                        
                     </div>
                     <div>
                        <b>Start time: </b>19:16:33
                     </div>
                     <div>
                        <b>End time: </b>19:16:33
                     </div>
                     <div>
                        <b>Duration: </b>1 ms
                        
                     </div>
                  </div>
               </td>
            </tr>
            <tr></tr>
            <tr id="selenium.ParameterizedTest_createUser_byStatus_passed_PASS18_row"
                class="testMethodStatusPASS">
               <td width="100%" class="firstMethodCell">
                  <a onclick="toggleDetailsVisibility('selenium.ParameterizedTest_createUser_byStatus_passed_PASS18_details')">createUser(u3
                     
                     ,
                     
                     p3)
                  </a>
               </td>
               <td nowrap="true">19:16:33</td>
               <td nowrap="true" align="right">1 ms
                  
               </td>
               <td nowrap="true">
                   
                  
               </td>
            </tr>
            <tr>
               <td colspan="4" class="detailsBox">
                  <div id="selenium.ParameterizedTest_createUser_byStatus_passed_PASS18_details"
                       class="testMethodDetails">
                     <div>
                        <b>Name: </b>createUser
                     </div>
                     <div>
                        <b>Signature: </b>createUser(java.lang.String, java.lang.String)[pri:0, instance:selenium.ParameterizedTest@56f4468b]
                     </div>
                     <div>
                        <b>Parameters: </b>
                        
                        u3
                        
                        ,
                        
                        p3
                        
                        
                     </div>
                     <div>
                        <b>Start time: </b>19:16:33
                     </div>
                     <div>
                        <b>End time: </b>19:16:33
                     </div>
                     <div>
                        <b>Duration: </b>1 ms
                        
                     </div>
                  </div>
               </td>
            </tr>
            <tr></tr>
            <tr id="selenium.Testing2_EditUser_byStatus_skiped_SKIP1_row"
                class="testMethodStatusSKIP">
               <td width="100%" class="firstMethodCell">
                  <a onclick="toggleDetailsVisibility('selenium.Testing2_EditUser_byStatus_skiped_SKIP1_details')">EditUser()</a>
               </td>
               <td nowrap="true">19:16:33</td>
               <td nowrap="true" align="right">0 ms
                  
               </td>
               <td nowrap="true">
                  <a onclick="toggleDetailsVisibility('selenium.Testing2_EditUser_byStatus_skiped_SKIP1_exception')">java.lang.Throwable: 
                     Method Testing2.EditUser()[pri:2, instance:selenium.Testing2@23ceabc1] depends on not successfully finished methods
                     
                  </a>
                   
                  
               </td>
            </tr>
            <tr>
               <td colspan="4" class="detailsBox">
                  <div id="selenium.Testing2_EditUser_byStatus_skiped_SKIP1_details"
                       class="testMethodDetails">
                     <div>
                        <b>Name: </b>EditUser
                     </div>
                     <div>
                        <b>Signature: </b>EditUser()[pri:2, instance:selenium.Testing2@23ceabc1]
                     </div>
                     <div>
                        <b>Start time: </b>19:16:33
                     </div>
                     <div>
                        <b>End time: </b>19:16:33
                     </div>
                     <div>
                        <b>Duration: </b>0 ms
                        
                     </div>
                     <div>
                        <b>Depends on methods:
                           
                        </b>
                        <div>
                               -
                           selenium.Testing2.createUser
                        </div>
                     </div>
                  </div>
               </td>
            </tr>
            <tr>
               <td colspan="4" class="detailsBox">
                  <div id="selenium.Testing2_EditUser_byStatus_skiped_SKIP1_exception"
                       class="testMethodDetails">
                     <pre style="padding: 5px; margin: 0;">java.lang.Throwable: Method Testing2.EditUser()[pri:2, instance:selenium.Testing2@23ceabc1] depends on not successfully finished
                        methods
                        	at org.testng.internal.Invoker.invokeTestMethods(Invoker.java:1084)
                        	at org.testng.internal.TestMethodWorker.invokeTestMethods(TestMethodWorker.java:126)
                        	at org.testng.internal.TestMethodWorker.run(TestMethodWorker.java:109)
                        	at org.testng.TestRunner.privateRun(TestRunner.java:744)
                        	at org.testng.TestRunner.run(TestRunner.java:602)
                        	at org.testng.SuiteRunner.runTest(SuiteRunner.java:380)
                        	at org.testng.SuiteRunner.runSequentially(SuiteRunner.java:375)
                        	at org.testng.SuiteRunner.privateRun(SuiteRunner.java:340)
                        	at org.testng.SuiteRunner.run(SuiteRunner.java:289)
                        	at org.testng.SuiteRunnerWorker.runSuite(SuiteRunnerWorker.java:52)
                        	at org.testng.SuiteRunnerWorker.run(SuiteRunnerWorker.java:86)
                        	at org.testng.TestNG.runSuitesSequentially(TestNG.java:1301)
                        	at org.testng.TestNG.runSuitesLocally(TestNG.java:1226)
                        	at org.testng.TestNG.runSuites(TestNG.java:1144)
                        	at org.testng.TestNG.run(TestNG.java:1115)
                        	at org.testng.remote.AbstractRemoteTestNG.run(AbstractRemoteTestNG.java:132)
                        	at org.testng.remote.RemoteTestNG.initAndRun(RemoteTestNG.java:230)
                        	at org.testng.remote.RemoteTestNG.main(RemoteTestNG.java:76)
                     </pre>
                  </div>
               </td>
            </tr>
         </table>
      </div>
      <div id="testMethodsByClass" style="display: none;">
         <table class="testMethodsTable" cellpadding="0" cellspacing="0">
            <tr>
               <td colspan="4">
                  <h3 style="display: inline;">selenium.ParameterizedTest</h3>
               </td>
            </tr>
            <tr class="methodsTableHeader">
               <td width="100%">Name</td>
               <td nowrap="true">Started</td>
               <td nowrap="true">Duration</td>
               <td>Exception</td>
            </tr>
            <tr id="selenium.ParameterizedTest_createUser_byClass_PASS1_row"
                class="testMethodStatusPASS">
               <td width="100%" class="firstMethodCell">
                  <a onclick="toggleDetailsVisibility('selenium.ParameterizedTest_createUser_byClass_PASS1_details')">createUser(u1
                     
                     ,
                     
                     p1)
                  </a>
               </td>
               <td nowrap="true">19:16:33</td>
               <td nowrap="true" align="right">2 ms
                  
               </td>
               <td nowrap="true">
                   
                  
               </td>
            </tr>
            <tr>
               <td colspan="4" class="detailsBox">
                  <div id="selenium.ParameterizedTest_createUser_byClass_PASS1_details"
                       class="testMethodDetails">
                     <div>
                        <b>Name: </b>createUser
                     </div>
                     <div>
                        <b>Signature: </b>createUser(java.lang.String, java.lang.String)[pri:0, instance:selenium.ParameterizedTest@56f4468b]
                     </div>
                     <div>
                        <b>Parameters: </b>
                        
                        u1
                        
                        ,
                        
                        p1
                        
                        
                     </div>
                     <div>
                        <b>Start time: </b>19:16:33
                     </div>
                     <div>
                        <b>End time: </b>19:16:33
                     </div>
                     <div>
                        <b>Duration: </b>2 ms
                        
                     </div>
                  </div>
               </td>
            </tr>
            <tr></tr>
            <tr id="selenium.ParameterizedTest_createUser_byClass_PASS2_row"
                class="testMethodStatusPASS">
               <td width="100%" class="firstMethodCell">
                  <a onclick="toggleDetailsVisibility('selenium.ParameterizedTest_createUser_byClass_PASS2_details')">createUser(u2
                     
                     ,
                     
                     p2)
                  </a>
               </td>
               <td nowrap="true">19:16:33</td>
               <td nowrap="true" align="right">1 ms
                  
               </td>
               <td nowrap="true">
                   
                  
               </td>
            </tr>
            <tr>
               <td colspan="4" class="detailsBox">
                  <div id="selenium.ParameterizedTest_createUser_byClass_PASS2_details"
                       class="testMethodDetails">
                     <div>
                        <b>Name: </b>createUser
                     </div>
                     <div>
                        <b>Signature: </b>createUser(java.lang.String, java.lang.String)[pri:0, instance:selenium.ParameterizedTest@56f4468b]
                     </div>
                     <div>
                        <b>Parameters: </b>
                        
                        u2
                        
                        ,
                        
                        p2
                        
                        
                     </div>
                     <div>
                        <b>Start time: </b>19:16:33
                     </div>
                     <div>
                        <b>End time: </b>19:16:33
                     </div>
                     <div>
                        <b>Duration: </b>1 ms
                        
                     </div>
                  </div>
               </td>
            </tr>
            <tr></tr>
            <tr id="selenium.ParameterizedTest_createUser_byClass_PASS3_row"
                class="testMethodStatusPASS">
               <td width="100%" class="firstMethodCell">
                  <a onclick="toggleDetailsVisibility('selenium.ParameterizedTest_createUser_byClass_PASS3_details')">createUser(u3
                     
                     ,
                     
                     p3)
                  </a>
               </td>
               <td nowrap="true">19:16:33</td>
               <td nowrap="true" align="right">1 ms
                  
               </td>
               <td nowrap="true">
                   
                  
               </td>
            </tr>
            <tr>
               <td colspan="4" class="detailsBox">
                  <div id="selenium.ParameterizedTest_createUser_byClass_PASS3_details"
                       class="testMethodDetails">
                     <div>
                        <b>Name: </b>createUser
                     </div>
                     <div>
                        <b>Signature: </b>createUser(java.lang.String, java.lang.String)[pri:0, instance:selenium.ParameterizedTest@56f4468b]
                     </div>
                     <div>
                        <b>Parameters: </b>
                        
                        u3
                        
                        ,
                        
                        p3
                        
                        
                     </div>
                     <div>
                        <b>Start time: </b>19:16:33
                     </div>
                     <div>
                        <b>End time: </b>19:16:33
                     </div>
                     <div>
                        <b>Duration: </b>1 ms
                        
                     </div>
                  </div>
               </td>
            </tr>
            <tr></tr>
         </table>
         <br></br>
         <table class="testMethodsTable" cellpadding="0" cellspacing="0">
            <tr>
               <td colspan="4">
                  <h3 style="display: inline;">selenium.Testing1</h3>
               </td>
            </tr>
            <tr class="methodsTableHeader">
               <td width="100%">Name</td>
               <td nowrap="true">Started</td>
               <td nowrap="true">Duration</td>
               <td>Exception</td>
            </tr>
            <tr id="selenium.Testing1_beforeSuite_byClass_PASS1_row"
                class="testMethodStatusPASS testMethodStatusCONF">
               <td width="100%" class="firstMethodCell">
                  <a onclick="toggleDetailsVisibility('selenium.Testing1_beforeSuite_byClass_PASS1_details')">beforeSuite()</a>
               </td>
               <td nowrap="true">19:16:33</td>
               <td nowrap="true" align="right">7 ms
                  
               </td>
               <td nowrap="true">
                   
                  
               </td>
            </tr>
            <tr>
               <td colspan="4" class="detailsBox">
                  <div id="selenium.Testing1_beforeSuite_byClass_PASS1_details"
                       class="testMethodDetails">
                     <div>
                        <b>Name: </b>beforeSuite
                     </div>
                     <div>
                        <b>Signature: </b>beforeSuite()[pri:0, instance:selenium.Testing1@5dfcfece]
                     </div>
                     <div>
                        <b>Start time: </b>19:16:33
                     </div>
                     <div>
                        <b>End time: </b>19:16:33
                     </div>
                     <div>
                        <b>Duration: </b>7 ms
                        
                     </div>
                  </div>
               </td>
            </tr>
            <tr></tr>
            <tr id="selenium.Testing1_beforeMethod_byClass_PASS2_row"
                class="testMethodStatusPASS testMethodStatusCONF">
               <td width="100%" class="firstMethodCell">
                  <a onclick="toggleDetailsVisibility('selenium.Testing1_beforeMethod_byClass_PASS2_details')">beforeMethod()</a>
               </td>
               <td nowrap="true">19:16:33</td>
               <td nowrap="true" align="right">0 ms
                  
               </td>
               <td nowrap="true">
                   
                  
               </td>
            </tr>
            <tr>
               <td colspan="4" class="detailsBox">
                  <div id="selenium.Testing1_beforeMethod_byClass_PASS2_details"
                       class="testMethodDetails">
                     <div>
                        <b>Name: </b>beforeMethod
                     </div>
                     <div>
                        <b>Signature: </b>beforeMethod()[pri:0, instance:selenium.Testing1@5dfcfece]
                     </div>
                     <div>
                        <b>Start time: </b>19:16:33
                     </div>
                     <div>
                        <b>End time: </b>19:16:33
                     </div>
                     <div>
                        <b>Duration: </b>0 ms
                        
                     </div>
                  </div>
               </td>
            </tr>
            <tr></tr>
            <tr id="selenium.Testing1_test1_byClass_PASS3_row" class="testMethodStatusPASS">
               <td width="100%" class="firstMethodCell">
                  <a onclick="toggleDetailsVisibility('selenium.Testing1_test1_byClass_PASS3_details')">test1()</a>
               </td>
               <td nowrap="true">19:16:33</td>
               <td nowrap="true" align="right">6 ms
                  
               </td>
               <td nowrap="true">
                   
                  
               </td>
            </tr>
            <tr>
               <td colspan="4" class="detailsBox">
                  <div id="selenium.Testing1_test1_byClass_PASS3_details" class="testMethodDetails">
                     <div>
                        <b>Name: </b>test1
                     </div>
                     <div>
                        <b>Signature: </b>test1()[pri:0, instance:selenium.Testing1@5dfcfece]
                     </div>
                     <div>
                        <b>Start time: </b>19:16:33
                     </div>
                     <div>
                        <b>End time: </b>19:16:33
                     </div>
                     <div>
                        <b>Duration: </b>6 ms
                        
                     </div>
                  </div>
               </td>
            </tr>
            <tr></tr>
            <tr id="selenium.Testing1_afterMethod_byClass_PASS4_row"
                class="testMethodStatusPASS testMethodStatusCONF">
               <td width="100%" class="firstMethodCell">
                  <a onclick="toggleDetailsVisibility('selenium.Testing1_afterMethod_byClass_PASS4_details')">afterMethod()</a>
               </td>
               <td nowrap="true">19:16:33</td>
               <td nowrap="true" align="right">1 ms
                  
               </td>
               <td nowrap="true">
                   
                  
               </td>
            </tr>
            <tr>
               <td colspan="4" class="detailsBox">
                  <div id="selenium.Testing1_afterMethod_byClass_PASS4_details"
                       class="testMethodDetails">
                     <div>
                        <b>Name: </b>afterMethod
                     </div>
                     <div>
                        <b>Signature: </b>afterMethod()[pri:0, instance:selenium.Testing1@5dfcfece]
                     </div>
                     <div>
                        <b>Start time: </b>19:16:33
                     </div>
                     <div>
                        <b>End time: </b>19:16:33
                     </div>
                     <div>
                        <b>Duration: </b>1 ms
                        
                     </div>
                  </div>
               </td>
            </tr>
            <tr></tr>
            <tr id="selenium.Testing1_beforeMethod_byClass_PASS5_row"
                class="testMethodStatusPASS testMethodStatusCONF">
               <td width="100%" class="firstMethodCell">
                  <a onclick="toggleDetailsVisibility('selenium.Testing1_beforeMethod_byClass_PASS5_details')">beforeMethod()</a>
               </td>
               <td nowrap="true">19:16:33</td>
               <td nowrap="true" align="right">1 ms
                  
               </td>
               <td nowrap="true">
                   
                  
               </td>
            </tr>
            <tr>
               <td colspan="4" class="detailsBox">
                  <div id="selenium.Testing1_beforeMethod_byClass_PASS5_details"
                       class="testMethodDetails">
                     <div>
                        <b>Name: </b>beforeMethod
                     </div>
                     <div>
                        <b>Signature: </b>beforeMethod()[pri:0, instance:selenium.Testing1@5dfcfece]
                     </div>
                     <div>
                        <b>Start time: </b>19:16:33
                     </div>
                     <div>
                        <b>End time: </b>19:16:33
                     </div>
                     <div>
                        <b>Duration: </b>1 ms
                        
                     </div>
                  </div>
               </td>
            </tr>
            <tr></tr>
            <tr id="selenium.Testing1_test2_byClass_PASS6_row" class="testMethodStatusPASS">
               <td width="100%" class="firstMethodCell">
                  <a onclick="toggleDetailsVisibility('selenium.Testing1_test2_byClass_PASS6_details')">test2()</a>
               </td>
               <td nowrap="true">19:16:33</td>
               <td nowrap="true" align="right">1 ms
                  
               </td>
               <td nowrap="true">
                   
                  
               </td>
            </tr>
            <tr>
               <td colspan="4" class="detailsBox">
                  <div id="selenium.Testing1_test2_byClass_PASS6_details" class="testMethodDetails">
                     <div>
                        <b>Name: </b>test2
                     </div>
                     <div>
                        <b>Signature: </b>test2()[pri:0, instance:selenium.Testing1@5dfcfece]
                     </div>
                     <div>
                        <b>Start time: </b>19:16:33
                     </div>
                     <div>
                        <b>End time: </b>19:16:33
                     </div>
                     <div>
                        <b>Duration: </b>1 ms
                        
                     </div>
                  </div>
               </td>
            </tr>
            <tr></tr>
            <tr id="selenium.Testing1_afterMethod_byClass_PASS7_row"
                class="testMethodStatusPASS testMethodStatusCONF">
               <td width="100%" class="firstMethodCell">
                  <a onclick="toggleDetailsVisibility('selenium.Testing1_afterMethod_byClass_PASS7_details')">afterMethod()</a>
               </td>
               <td nowrap="true">19:16:33</td>
               <td nowrap="true" align="right">0 ms
                  
               </td>
               <td nowrap="true">
                   
                  
               </td>
            </tr>
            <tr>
               <td colspan="4" class="detailsBox">
                  <div id="selenium.Testing1_afterMethod_byClass_PASS7_details"
                       class="testMethodDetails">
                     <div>
                        <b>Name: </b>afterMethod
                     </div>
                     <div>
                        <b>Signature: </b>afterMethod()[pri:0, instance:selenium.Testing1@5dfcfece]
                     </div>
                     <div>
                        <b>Start time: </b>19:16:33
                     </div>
                     <div>
                        <b>End time: </b>19:16:33
                     </div>
                     <div>
                        <b>Duration: </b>0 ms
                        
                     </div>
                  </div>
               </td>
            </tr>
            <tr></tr>
            <tr id="selenium.Testing1_beforeMethod_byClass_PASS8_row"
                class="testMethodStatusPASS testMethodStatusCONF">
               <td width="100%" class="firstMethodCell">
                  <a onclick="toggleDetailsVisibility('selenium.Testing1_beforeMethod_byClass_PASS8_details')">beforeMethod()</a>
               </td>
               <td nowrap="true">19:16:33</td>
               <td nowrap="true" align="right">0 ms
                  
               </td>
               <td nowrap="true">
                   
                  
               </td>
            </tr>
            <tr>
               <td colspan="4" class="detailsBox">
                  <div id="selenium.Testing1_beforeMethod_byClass_PASS8_details"
                       class="testMethodDetails">
                     <div>
                        <b>Name: </b>beforeMethod
                     </div>
                     <div>
                        <b>Signature: </b>beforeMethod()[pri:0, instance:selenium.Testing1@5dfcfece]
                     </div>
                     <div>
                        <b>Start time: </b>19:16:33
                     </div>
                     <div>
                        <b>End time: </b>19:16:33
                     </div>
                     <div>
                        <b>Duration: </b>0 ms
                        
                     </div>
                  </div>
               </td>
            </tr>
            <tr></tr>
            <tr id="selenium.Testing1_test3_byClass_PASS9_row" class="testMethodStatusPASS">
               <td width="100%" class="firstMethodCell">
                  <a onclick="toggleDetailsVisibility('selenium.Testing1_test3_byClass_PASS9_details')">test3()</a>
               </td>
               <td nowrap="true">19:16:33</td>
               <td nowrap="true" align="right">1 ms
                  
               </td>
               <td nowrap="true">
                   
                  
               </td>
            </tr>
            <tr>
               <td colspan="4" class="detailsBox">
                  <div id="selenium.Testing1_test3_byClass_PASS9_details" class="testMethodDetails">
                     <div>
                        <b>Name: </b>test3
                     </div>
                     <div>
                        <b>Signature: </b>test3()[pri:0, instance:selenium.Testing1@5dfcfece]
                     </div>
                     <div>
                        <b>Start time: </b>19:16:33
                     </div>
                     <div>
                        <b>End time: </b>19:16:33
                     </div>
                     <div>
                        <b>Duration: </b>1 ms
                        
                     </div>
                  </div>
               </td>
            </tr>
            <tr></tr>
            <tr id="selenium.Testing1_afterMethod_byClass_PASS10_row"
                class="testMethodStatusPASS testMethodStatusCONF">
               <td width="100%" class="firstMethodCell">
                  <a onclick="toggleDetailsVisibility('selenium.Testing1_afterMethod_byClass_PASS10_details')">afterMethod()</a>
               </td>
               <td nowrap="true">19:16:33</td>
               <td nowrap="true" align="right">1 ms
                  
               </td>
               <td nowrap="true">
                   
                  
               </td>
            </tr>
            <tr>
               <td colspan="4" class="detailsBox">
                  <div id="selenium.Testing1_afterMethod_byClass_PASS10_details"
                       class="testMethodDetails">
                     <div>
                        <b>Name: </b>afterMethod
                     </div>
                     <div>
                        <b>Signature: </b>afterMethod()[pri:0, instance:selenium.Testing1@5dfcfece]
                     </div>
                     <div>
                        <b>Start time: </b>19:16:33
                     </div>
                     <div>
                        <b>End time: </b>19:16:33
                     </div>
                     <div>
                        <b>Duration: </b>1 ms
                        
                     </div>
                  </div>
               </td>
            </tr>
            <tr></tr>
            <tr id="selenium.Testing1_test4_byClass_PASS11_row" class="testMethodStatusPASS">
               <td width="100%" class="firstMethodCell">
                  <a onclick="toggleDetailsVisibility('selenium.Testing1_test4_byClass_PASS11_details')">test4()</a>
               </td>
               <td nowrap="true">19:16:33</td>
               <td nowrap="true" align="right">1 ms
                  
               </td>
               <td nowrap="true">
                   
                  
               </td>
            </tr>
            <tr>
               <td colspan="4" class="detailsBox">
                  <div id="selenium.Testing1_test4_byClass_PASS11_details" class="testMethodDetails">
                     <div>
                        <b>Name: </b>test4
                     </div>
                     <div>
                        <b>Signature: </b>test4()[pri:0, instance:selenium.Testing1@5dfcfece]
                     </div>
                     <div>
                        <b>Start time: </b>19:16:33
                     </div>
                     <div>
                        <b>End time: </b>19:16:33
                     </div>
                     <div>
                        <b>Duration: </b>1 ms
                        
                     </div>
                  </div>
               </td>
            </tr>
            <tr></tr>
            <tr id="selenium.Testing1_beforeMethod_byClass_PASS12_row"
                class="testMethodStatusPASS testMethodStatusCONF">
               <td width="100%" class="firstMethodCell">
                  <a onclick="toggleDetailsVisibility('selenium.Testing1_beforeMethod_byClass_PASS12_details')">beforeMethod()</a>
               </td>
               <td nowrap="true">19:16:33</td>
               <td nowrap="true" align="right">0 ms
                  
               </td>
               <td nowrap="true">
                   
                  
               </td>
            </tr>
            <tr>
               <td colspan="4" class="detailsBox">
                  <div id="selenium.Testing1_beforeMethod_byClass_PASS12_details"
                       class="testMethodDetails">
                     <div>
                        <b>Name: </b>beforeMethod
                     </div>
                     <div>
                        <b>Signature: </b>beforeMethod()[pri:0, instance:selenium.Testing1@5dfcfece]
                     </div>
                     <div>
                        <b>Start time: </b>19:16:33
                     </div>
                     <div>
                        <b>End time: </b>19:16:33
                     </div>
                     <div>
                        <b>Duration: </b>0 ms
                        
                     </div>
                  </div>
               </td>
            </tr>
            <tr></tr>
            <tr id="selenium.Testing1_afterMethod_byClass_PASS13_row"
                class="testMethodStatusPASS testMethodStatusCONF">
               <td width="100%" class="firstMethodCell">
                  <a onclick="toggleDetailsVisibility('selenium.Testing1_afterMethod_byClass_PASS13_details')">afterMethod()</a>
               </td>
               <td nowrap="true">19:16:33</td>
               <td nowrap="true" align="right">0 ms
                  
               </td>
               <td nowrap="true">
                   
                  
               </td>
            </tr>
            <tr>
               <td colspan="4" class="detailsBox">
                  <div id="selenium.Testing1_afterMethod_byClass_PASS13_details"
                       class="testMethodDetails">
                     <div>
                        <b>Name: </b>afterMethod
                     </div>
                     <div>
                        <b>Signature: </b>afterMethod()[pri:0, instance:selenium.Testing1@5dfcfece]
                     </div>
                     <div>
                        <b>Start time: </b>19:16:33
                     </div>
                     <div>
                        <b>End time: </b>19:16:33
                     </div>
                     <div>
                        <b>Duration: </b>0 ms
                        
                     </div>
                  </div>
               </td>
            </tr>
            <tr></tr>
            <tr id="selenium.Testing1_afterSuite_byClass_PASS14_row"
                class="testMethodStatusPASS testMethodStatusCONF">
               <td width="100%" class="firstMethodCell">
                  <a onclick="toggleDetailsVisibility('selenium.Testing1_afterSuite_byClass_PASS14_details')">afterSuite()</a>
               </td>
               <td nowrap="true">19:16:33</td>
               <td nowrap="true" align="right">2 ms
                  
               </td>
               <td nowrap="true">
                   
                  
               </td>
            </tr>
            <tr>
               <td colspan="4" class="detailsBox">
                  <div id="selenium.Testing1_afterSuite_byClass_PASS14_details"
                       class="testMethodDetails">
                     <div>
                        <b>Name: </b>afterSuite
                     </div>
                     <div>
                        <b>Signature: </b>afterSuite()[pri:0, instance:selenium.Testing1@5dfcfece]
                     </div>
                     <div>
                        <b>Start time: </b>19:16:33
                     </div>
                     <div>
                        <b>End time: </b>19:16:33
                     </div>
                     <div>
                        <b>Duration: </b>2 ms
                        
                     </div>
                  </div>
               </td>
            </tr>
            <tr></tr>
         </table>
         <br></br>
         <table class="testMethodsTable" cellpadding="0" cellspacing="0">
            <tr>
               <td colspan="4">
                  <h3 style="display: inline;">selenium.Testing2</h3>
               </td>
            </tr>
            <tr class="methodsTableHeader">
               <td width="100%">Name</td>
               <td nowrap="true">Started</td>
               <td nowrap="true">Duration</td>
               <td>Exception</td>
            </tr>
            <tr id="selenium.Testing2_createUser_byClass_FAIL1_row"
                class="testMethodStatusFAIL">
               <td width="100%" class="firstMethodCell">
                  <a onclick="toggleDetailsVisibility('selenium.Testing2_createUser_byClass_FAIL1_details')">createUser()</a>
               </td>
               <td nowrap="true">19:16:33</td>
               <td nowrap="true" align="right">4 ms
                  
               </td>
               <td nowrap="true">
                  <a onclick="toggleDetailsVisibility('selenium.Testing2_createUser_byClass_FAIL1_exception')">java.lang.AssertionError: 
                     The following asserts failed:
                     	expected [true] but found [false]
                     
                  </a>
                   
                  
               </td>
            </tr>
            <tr>
               <td colspan="4" class="detailsBox">
                  <div id="selenium.Testing2_createUser_byClass_FAIL1_details"
                       class="testMethodDetails">
                     <div>
                        <b>Name: </b>createUser
                     </div>
                     <div>
                        <b>Signature: </b>createUser()[pri:1, instance:selenium.Testing2@23ceabc1]
                     </div>
                     <div>
                        <b>Start time: </b>19:16:33
                     </div>
                     <div>
                        <b>End time: </b>19:16:33
                     </div>
                     <div>
                        <b>Duration: </b>4 ms
                        
                     </div>
                  </div>
               </td>
            </tr>
            <tr>
               <td colspan="4" class="detailsBox">
                  <div id="selenium.Testing2_createUser_byClass_FAIL1_exception"
                       class="testMethodDetails">
                     <pre style="padding: 5px; margin: 0;">java.lang.AssertionError: The following asserts failed:
                        	expected [true] but found [false]
                        	at org.testng.asserts.SoftAssert.assertAll(SoftAssert.java:43)
                        	at selenium.Testing2.createUser(Testing2.java:24)
                        	at sun.reflect.NativeMethodAccessorImpl.invoke0(Native Method)
                        	at sun.reflect.NativeMethodAccessorImpl.invoke(NativeMethodAccessorImpl.java:62)
                        	at sun.reflect.DelegatingMethodAccessorImpl.invoke(DelegatingMethodAccessorImpl.java:43)
                        	at java.lang.reflect.Method.invoke(Method.java:498)
                        	at org.testng.internal.MethodInvocationHelper.invokeMethod(MethodInvocationHelper.java:108)
                        	at org.testng.internal.Invoker.invokeMethod(Invoker.java:661)
                        	at org.testng.internal.Invoker.invokeTestMethod(Invoker.java:869)
                        	at org.testng.internal.Invoker.invokeTestMethods(Invoker.java:1193)
                        	at org.testng.internal.TestMethodWorker.invokeTestMethods(TestMethodWorker.java:126)
                        	at org.testng.internal.TestMethodWorker.run(TestMethodWorker.java:109)
                        	at org.testng.TestRunner.privateRun(TestRunner.java:744)
                        	at org.testng.TestRunner.run(TestRunner.java:602)
                        	at org.testng.SuiteRunner.runTest(SuiteRunner.java:380)
                        	at org.testng.SuiteRunner.runSequentially(SuiteRunner.java:375)
                        	at org.testng.SuiteRunner.privateRun(SuiteRunner.java:340)
                        	at org.testng.SuiteRunner.run(SuiteRunner.java:289)
                        	at org.testng.SuiteRunnerWorker.runSuite(SuiteRunnerWorker.java:52)
                        	at org.testng.SuiteRunnerWorker.run(SuiteRunnerWorker.java:86)
                        	at org.testng.TestNG.runSuitesSequentially(TestNG.java:1301)
                        	at org.testng.TestNG.runSuitesLocally(TestNG.java:1226)
                        	at org.testng.TestNG.runSuites(TestNG.java:1144)
                        	at org.testng.TestNG.run(TestNG.java:1115)
                        	at org.testng.remote.AbstractRemoteTestNG.run(AbstractRemoteTestNG.java:132)
                        	at org.testng.remote.RemoteTestNG.initAndRun(RemoteTestNG.java:230)
                        	at org.testng.remote.RemoteTestNG.main(RemoteTestNG.java:76)
                     </pre>
                  </div>
               </td>
            </tr>
            <tr id="selenium.Testing2_EditUser_byClass_SKIP2_row" class="testMethodStatusSKIP">
               <td width="100%" class="firstMethodCell">
                  <a onclick="toggleDetailsVisibility('selenium.Testing2_EditUser_byClass_SKIP2_details')">EditUser()</a>
               </td>
               <td nowrap="true">19:16:33</td>
               <td nowrap="true" align="right">0 ms
                  
               </td>
               <td nowrap="true">
                  <a onclick="toggleDetailsVisibility('selenium.Testing2_EditUser_byClass_SKIP2_exception')">java.lang.Throwable: 
                     Method Testing2.EditUser()[pri:2, instance:selenium.Testing2@23ceabc1] depends on not successfully finished methods
                     
                  </a>
                   
                  
               </td>
            </tr>
            <tr>
               <td colspan="4" class="detailsBox">
                  <div id="selenium.Testing2_EditUser_byClass_SKIP2_details" class="testMethodDetails">
                     <div>
                        <b>Name: </b>EditUser
                     </div>
                     <div>
                        <b>Signature: </b>EditUser()[pri:2, instance:selenium.Testing2@23ceabc1]
                     </div>
                     <div>
                        <b>Start time: </b>19:16:33
                     </div>
                     <div>
                        <b>End time: </b>19:16:33
                     </div>
                     <div>
                        <b>Duration: </b>0 ms
                        
                     </div>
                     <div>
                        <b>Depends on methods:
                           
                        </b>
                        <div>
                               -
                           selenium.Testing2.createUser
                        </div>
                     </div>
                  </div>
               </td>
            </tr>
            <tr>
               <td colspan="4" class="detailsBox">
                  <div id="selenium.Testing2_EditUser_byClass_SKIP2_exception"
                       class="testMethodDetails">
                     <pre style="padding: 5px; margin: 0;">java.lang.Throwable: Method Testing2.EditUser()[pri:2, instance:selenium.Testing2@23ceabc1] depends on not successfully finished
                        methods
                        	at org.testng.internal.Invoker.invokeTestMethods(Invoker.java:1084)
                        	at org.testng.internal.TestMethodWorker.invokeTestMethods(TestMethodWorker.java:126)
                        	at org.testng.internal.TestMethodWorker.run(TestMethodWorker.java:109)
                        	at org.testng.TestRunner.privateRun(TestRunner.java:744)
                        	at org.testng.TestRunner.run(TestRunner.java:602)
                        	at org.testng.SuiteRunner.runTest(SuiteRunner.java:380)
                        	at org.testng.SuiteRunner.runSequentially(SuiteRunner.java:375)
                        	at org.testng.SuiteRunner.privateRun(SuiteRunner.java:340)
                        	at org.testng.SuiteRunner.run(SuiteRunner.java:289)
                        	at org.testng.SuiteRunnerWorker.runSuite(SuiteRunnerWorker.java:52)
                        	at org.testng.SuiteRunnerWorker.run(SuiteRunnerWorker.java:86)
                        	at org.testng.TestNG.runSuitesSequentially(TestNG.java:1301)
                        	at org.testng.TestNG.runSuitesLocally(TestNG.java:1226)
                        	at org.testng.TestNG.runSuites(TestNG.java:1144)
                        	at org.testng.TestNG.run(TestNG.java:1115)
                        	at org.testng.remote.AbstractRemoteTestNG.run(AbstractRemoteTestNG.java:132)
                        	at org.testng.remote.RemoteTestNG.initAndRun(RemoteTestNG.java:230)
                        	at org.testng.remote.RemoteTestNG.main(RemoteTestNG.java:76)
                     </pre>
                  </div>
               </td>
            </tr>
            <tr id="selenium.Testing2_deleteUser_byClass_PASS3_row"
                class="testMethodStatusPASS">
               <td width="100%" class="firstMethodCell">
                  <a onclick="toggleDetailsVisibility('selenium.Testing2_deleteUser_byClass_PASS3_details')">deleteUser()</a>
               </td>
               <td nowrap="true">19:16:33</td>
               <td nowrap="true" align="right">1 ms
                  
               </td>
               <td nowrap="true">
                   
                  
               </td>
            </tr>
            <tr>
               <td colspan="4" class="detailsBox">
                  <div id="selenium.Testing2_deleteUser_byClass_PASS3_details"
                       class="testMethodDetails">
                     <div>
                        <b>Name: </b>deleteUser
                     </div>
                     <div>
                        <b>Signature: </b>deleteUser()[pri:3, instance:selenium.Testing2@23ceabc1]
                     </div>
                     <div>
                        <b>Start time: </b>19:16:33
                     </div>
                     <div>
                        <b>End time: </b>19:16:33
                     </div>
                     <div>
                        <b>Duration: </b>1 ms
                        
                     </div>
                  </div>
               </td>
            </tr>
            <tr></tr>
         </table>
         <br></br>
      </div>
      <div style="margin-top: 15px; color: gray; text-align: center; font-size: 9px;">
         Generated with
         
         <a href="http://code.google.com/p/testng-xslt/" style="color: #8888aa;"
            target="_blank">
            TestNG XSLT
            
         </a>
      </div>
   </body>
</html>