<?xml version="1.0" encoding="UTF-8"?>
<!-- Generated by org.testng.reporters.JUnitXMLReporter -->
<testsuite hostname="DESKTOP-5GI3OCP" ignored="0" name="Test" tests="10" failures="1" timestamp="27 Apr 2021 23:16:33 GMT" time="0.063" errors="0">
  <testcase name="test1" time="0.006" classname="selenium.Testing1"/>
  <testcase name="test2" time="0.001" classname="selenium.Testing1"/>
  <testcase name="test3" time="0.001" classname="selenium.Testing1"/>
  <testcase name="test4" time="0.001" classname="selenium.Testing1"/>
  <testcase name="createUser" time="0.002" classname="selenium.ParameterizedTest"/>
  <testcase name="createUser" time="0.001" classname="selenium.ParameterizedTest"/>
  <testcase name="createUser" time="0.001" classname="selenium.ParameterizedTest"/>
  <testcase name="createUser" time="0.004" classname="selenium.Testing2">
    <failure type="java.lang.AssertionError" message="The following asserts failed:
	expected [true] but found [false]">
      <![CDATA[java.lang.AssertionError: The following asserts failed:
	expected [true] but found [false]
	at selenium.Testing2.createUser(Testing2.java:24)
... Removed 26 stack frames]]>
    </failure>
  </testcase> <!-- createUser -->
  <testcase name="EditUser" time="0.0" classname="selenium.Testing2">
    <skipped/>
  </testcase> <!-- EditUser -->
  <testcase name="deleteUser" time="0.001" classname="selenium.Testing2"/>
</testsuite> <!-- Test -->
